DEBUG: Starting first pass - building symbol table
DEBUG: Created syntactic parser with is_building_symbol_table=true
DEBUG: Building symbol table for function: main
DEBUG: Entering function scope for: main
DEBUG: Inserting function symbol 'main' into symbol table
DEBUG: Function symbol 'main' inserted successfully. Total symbols: 1
DEBUG: Function symbol table building complete for: main
DEBUG: First pass parsing succeeded
DEBUG: Extracted arcanum from first pass
DEBUG: Symbols in arcanum after first pass: ["AdvancedProcessor", "main"]
DEBUG: Starting second pass - semantic analysis
DEBUG: Symbols in module scope before second pass: ["AdvancedProcessor", "main"]
DEBUG: Created semantic parser with is_building_symbol_table=false
DEBUG: Looking for symbol 'main' in scope 'module'. Available symbols: ["AdvancedProcessor", "main"]
DEBUG: Found symbol 'main' in scope 'module'
DEBUG: Looking for symbol '-parameters-' in scope 'main'. Available symbols: ["processor", "-parameters-", "results", "for_block_5"]
DEBUG: Found symbol '-parameters-' in scope 'main'
DEBUG: Looking for symbol 'for_block_5' in scope 'main'. Available symbols: ["processor", "-parameters-", "results", "for_block_5"]
DEBUG: Found symbol 'for_block_5' in scope 'main'
DEBUG: Looking for symbol 'AdvancedProcessor' in scope 'module'. Available symbols: ["AdvancedProcessor", "main"]
DEBUG: Found symbol 'AdvancedProcessor' in scope 'module'
DEBUG: Retrieved system 'AdvancedProcessor' in semantic pass
  Has actions block: true
  Has machine block: true
  Has interface block: true
DEBUG: Looking for symbol 'AdvancedProcessor' in scope 'AdvancedProcessor'. Available symbols: ["AdvancedProcessor"]
DEBUG: Found symbol 'AdvancedProcessor' in scope 'AdvancedProcessor'
DEBUG: Looking for symbol 'Idle' in scope '-machine-block-'. Available symbols: ["Idle", "Processing", "Debug", "FastProcessing"]
DEBUG: Found symbol 'Idle' in scope '-machine-block-'
DEBUG: Looking for symbol '-state-local-' in scope 'Idle'. Available symbols: ["-state-local-"]
DEBUG: Found symbol '-state-local-' in scope 'Idle'
DEBUG: Looking for symbol '$>' in scope '-state-local-'. Available symbols: ["configure", "reset", "$>", "processData"]
DEBUG: Found symbol '$>' in scope '-state-local-'
DEBUG: Looking for symbol '-event-handler-local-' in scope '$>'. Available symbols: ["-event-handler-local-"]
DEBUG: Found symbol '-event-handler-local-' in scope '$>'
DEBUG: Looking for symbol 'processData' in scope '-state-local-'. Available symbols: ["configure", "reset", "$>", "processData"]
DEBUG: Found symbol 'processData' in scope '-state-local-'
DEBUG: Looking for symbol '-event-handler-parameters-' in scope 'processData'. Available symbols: ["-event-handler-parameters-"]
DEBUG: Found symbol '-event-handler-parameters-' in scope 'processData'
DEBUG: Looking for symbol '-event-handler-local-' in scope '-event-handler-parameters-'. Available symbols: ["input", "-event-handler-local-"]
DEBUG: Found symbol '-event-handler-local-' in scope '-event-handler-parameters-'
DEBUG: Looking for symbol 'if_block_16' in scope '-event-handler-local-'. Available symbols: ["if_block_16"]
DEBUG: Found symbol 'if_block_16' in scope '-event-handler-local-'
DEBUG: Looking for symbol 'configure' in scope '-state-local-'. Available symbols: ["configure", "reset", "$>", "processData"]
DEBUG: Found symbol 'configure' in scope '-state-local-'
DEBUG: Looking for symbol '-event-handler-parameters-' in scope 'configure'. Available symbols: ["-event-handler-parameters-"]
DEBUG: Found symbol '-event-handler-parameters-' in scope 'configure'
DEBUG: Looking for symbol '-event-handler-local-' in scope '-event-handler-parameters-'. Available symbols: ["-event-handler-local-", "mode"]
DEBUG: Found symbol '-event-handler-local-' in scope '-event-handler-parameters-'
DEBUG: Looking for symbol 'if_block_21' in scope '-event-handler-local-'. Available symbols: ["elif_block_23", "if_block_21", "else_block_25"]
DEBUG: Found symbol 'if_block_21' in scope '-event-handler-local-'
DEBUG: Looking for symbol 'elif_block_23' in scope '-event-handler-local-'. Available symbols: ["elif_block_23", "if_block_21", "else_block_25"]
DEBUG: Found symbol 'elif_block_23' in scope '-event-handler-local-'
DEBUG: Looking for symbol 'else_block_25' in scope '-event-handler-local-'. Available symbols: ["elif_block_23", "if_block_21", "else_block_25"]
DEBUG: Found symbol 'else_block_25' in scope '-event-handler-local-'
DEBUG: Looking for symbol 'reset' in scope '-state-local-'. Available symbols: ["configure", "reset", "$>", "processData"]
DEBUG: Found symbol 'reset' in scope '-state-local-'
DEBUG: Looking for symbol '-event-handler-local-' in scope 'reset'. Available symbols: ["-event-handler-local-"]
DEBUG: Found symbol '-event-handler-local-' in scope 'reset'
DEBUG: Looking for symbol 'Processing' in scope '-machine-block-'. Available symbols: ["Idle", "Processing", "Debug", "FastProcessing"]
DEBUG: Found symbol 'Processing' in scope '-machine-block-'
DEBUG: Looking for symbol '-state-parameters-' in scope 'Processing'. Available symbols: ["-state-parameters-"]
DEBUG: Found symbol '-state-parameters-' in scope 'Processing'
DEBUG: Looking for symbol '-state-local-' in scope '-state-parameters-'. Available symbols: ["-state-local-", "data"]
DEBUG: Found symbol '-state-local-' in scope '-state-parameters-'
DEBUG: Looking for symbol '$>' in scope '-state-local-'. Available symbols: ["$>", "reset"]
DEBUG: Found symbol '$>' in scope '-state-local-'
DEBUG: Looking for symbol '-event-handler-local-' in scope '$>'. Available symbols: ["-event-handler-local-"]
DEBUG: Found symbol '-event-handler-local-' in scope '$>'
DEBUG: Looking for symbol 'if_block_35' in scope '-event-handler-local-'. Available symbols: ["elif_block_37", "if_block_35", "result", "else_block_39"]
DEBUG: Found symbol 'if_block_35' in scope '-event-handler-local-'
DEBUG: Looking for symbol 'elif_block_37' in scope '-event-handler-local-'. Available symbols: ["elif_block_37", "if_block_35", "result", "else_block_39"]
DEBUG: Found symbol 'elif_block_37' in scope '-event-handler-local-'
DEBUG: Looking for symbol 'else_block_39' in scope '-event-handler-local-'. Available symbols: ["elif_block_37", "if_block_35", "result", "else_block_39"]
DEBUG: Found symbol 'else_block_39' in scope '-event-handler-local-'
DEBUG: Looking for symbol 'reset' in scope '-state-local-'. Available symbols: ["$>", "reset"]
DEBUG: Found symbol 'reset' in scope '-state-local-'
DEBUG: Looking for symbol '-event-handler-local-' in scope 'reset'. Available symbols: ["-event-handler-local-"]
DEBUG: Found symbol '-event-handler-local-' in scope 'reset'
DEBUG: Looking for symbol 'Debug' in scope '-machine-block-'. Available symbols: ["Idle", "Processing", "Debug", "FastProcessing"]
DEBUG: Found symbol 'Debug' in scope '-machine-block-'
DEBUG: Looking for symbol '-state-local-' in scope 'Debug'. Available symbols: ["-state-local-"]
DEBUG: Found symbol '-state-local-' in scope 'Debug'
DEBUG: Looking for symbol '$>' in scope '-state-local-'. Available symbols: ["processData", "reset", "$>"]
DEBUG: Found symbol '$>' in scope '-state-local-'
DEBUG: Looking for symbol '-event-handler-local-' in scope '$>'. Available symbols: ["-event-handler-local-"]
DEBUG: Found symbol '-event-handler-local-' in scope '$>'
DEBUG: Looking for symbol 'processData' in scope '-state-local-'. Available symbols: ["processData", "reset", "$>"]
DEBUG: Found symbol 'processData' in scope '-state-local-'
DEBUG: Looking for symbol '-event-handler-parameters-' in scope 'processData'. Available symbols: ["-event-handler-parameters-"]
DEBUG: Found symbol '-event-handler-parameters-' in scope 'processData'
DEBUG: Looking for symbol '-event-handler-local-' in scope '-event-handler-parameters-'. Available symbols: ["-event-handler-local-", "input"]
DEBUG: Found symbol '-event-handler-local-' in scope '-event-handler-parameters-'
DEBUG: Looking for symbol 'if_block_49' in scope '-event-handler-local-'. Available symbols: ["if_block_49"]
DEBUG: Found symbol 'if_block_49' in scope '-event-handler-local-'
DEBUG: Looking for symbol 'reset' in scope '-state-local-'. Available symbols: ["processData", "reset", "$>"]
DEBUG: Found symbol 'reset' in scope '-state-local-'
DEBUG: Looking for symbol '-event-handler-local-' in scope 'reset'. Available symbols: ["-event-handler-local-"]
DEBUG: Found symbol '-event-handler-local-' in scope 'reset'
DEBUG: Looking for symbol 'FastProcessing' in scope '-machine-block-'. Available symbols: ["Idle", "Processing", "Debug", "FastProcessing"]
DEBUG: Found symbol 'FastProcessing' in scope '-machine-block-'
DEBUG: Looking for symbol '-state-local-' in scope 'FastProcessing'. Available symbols: ["-state-local-"]
DEBUG: Found symbol '-state-local-' in scope 'FastProcessing'
DEBUG: Looking for symbol 'processData' in scope '-state-local-'. Available symbols: ["processData", "reset"]
DEBUG: Found symbol 'processData' in scope '-state-local-'
DEBUG: Looking for symbol '-event-handler-parameters-' in scope 'processData'. Available symbols: ["-event-handler-parameters-"]
DEBUG: Found symbol '-event-handler-parameters-' in scope 'processData'
DEBUG: Looking for symbol '-event-handler-local-' in scope '-event-handler-parameters-'. Available symbols: ["input", "-event-handler-local-"]
DEBUG: Found symbol '-event-handler-local-' in scope '-event-handler-parameters-'
DEBUG: Looking for symbol 'reset' in scope '-state-local-'. Available symbols: ["processData", "reset"]
DEBUG: Found symbol 'reset' in scope '-state-local-'
DEBUG: Looking for symbol '-event-handler-local-' in scope 'reset'. Available symbols: ["-event-handler-local-"]
DEBUG: Found symbol '-event-handler-local-' in scope 'reset'
DEBUG: Looking for symbol 'processText' in scope '-actions-block-'. Available symbols: ["len", "processText"]
DEBUG: Found symbol 'processText' in scope '-actions-block-'
DEBUG: Looking for symbol '-parameters-' in scope 'processText'. Available symbols: ["if_block_64", "if_block_61", "-parameters-", "if_block_67"]
DEBUG: Found symbol '-parameters-' in scope 'processText'
DEBUG: Looking for symbol 'if_block_61' in scope 'processText'. Available symbols: ["if_block_64", "if_block_61", "-parameters-", "if_block_67"]
DEBUG: Found symbol 'if_block_61' in scope 'processText'
DEBUG: Looking for symbol 'if_block_64' in scope 'processText'. Available symbols: ["if_block_64", "if_block_61", "-parameters-", "if_block_67"]
DEBUG: Found symbol 'if_block_64' in scope 'processText'
DEBUG: Looking for symbol 'if_block_67' in scope 'processText'. Available symbols: ["if_block_64", "if_block_61", "-parameters-", "if_block_67"]
DEBUG: Found symbol 'if_block_67' in scope 'processText'
DEBUG: Looking for symbol 'len' in scope '-actions-block-'. Available symbols: ["len", "processText"]
DEBUG: Found symbol 'len' in scope '-actions-block-'
DEBUG: Looking for symbol '-parameters-' in scope 'len'. Available symbols: ["count", "-parameters-", "for_block_73"]
DEBUG: Found symbol '-parameters-' in scope 'len'
DEBUG: Looking for symbol 'for_block_73' in scope 'len'. Available symbols: ["count", "-parameters-", "for_block_73"]
DEBUG: Found symbol 'for_block_73' in scope 'len'
