DEBUG: Starting first pass - building symbol table
DEBUG: Created syntactic parser with is_building_symbol_table=true
DEBUG: Building symbol table for function: main
DEBUG: Entering function scope for: main
DEBUG: Inserting function symbol 'main' into symbol table
DEBUG: Function symbol 'main' inserted successfully. Total symbols: 1
DEBUG: Function symbol table building complete for: main
DEBUG: First pass parsing succeeded
DEBUG: Extracted arcanum from first pass
DEBUG: Symbols in arcanum after first pass: ["main", "AdvancedProcessor"]
DEBUG: Starting second pass - semantic analysis
DEBUG: Symbols in module scope before second pass: ["main", "AdvancedProcessor"]
DEBUG: Created semantic parser with is_building_symbol_table=false
DEBUG: Looking for symbol 'main' in scope 'module'. Available symbols: ["main", "AdvancedProcessor"]
DEBUG: Found symbol 'main' in scope 'module'
DEBUG: Looking for symbol '-parameters-' in scope 'main'. Available symbols: ["results", "-parameters-", "processor", "for_block_5"]
DEBUG: Found symbol '-parameters-' in scope 'main'
DEBUG: Looking for symbol 'for_block_5' in scope 'main'. Available symbols: ["results", "-parameters-", "processor", "for_block_5"]
DEBUG: Found symbol 'for_block_5' in scope 'main'
DEBUG: Looking for symbol 'AdvancedProcessor' in scope 'module'. Available symbols: ["main", "AdvancedProcessor"]
DEBUG: Found symbol 'AdvancedProcessor' in scope 'module'
DEBUG: Retrieved system 'AdvancedProcessor' in semantic pass
  Has actions block: true
  Has machine block: true
  Has interface block: true
DEBUG: Looking for symbol 'AdvancedProcessor' in scope 'AdvancedProcessor'. Available symbols: ["AdvancedProcessor"]
DEBUG: Found symbol 'AdvancedProcessor' in scope 'AdvancedProcessor'
DEBUG: Looking for symbol 'Idle' in scope '-machine-block-'. Available symbols: ["Idle", "FastProcessing", "Debug", "Processing"]
DEBUG: Found symbol 'Idle' in scope '-machine-block-'
DEBUG: Looking for symbol '-state-local-' in scope 'Idle'. Available symbols: ["-state-local-"]
DEBUG: Found symbol '-state-local-' in scope 'Idle'
DEBUG: Looking for symbol '$>' in scope '-state-local-'. Available symbols: ["$>", "configure", "reset", "processData"]
DEBUG: Found symbol '$>' in scope '-state-local-'
DEBUG: Looking for symbol '-event-handler-local-' in scope '$>'. Available symbols: ["-event-handler-local-"]
DEBUG: Found symbol '-event-handler-local-' in scope '$>'
DEBUG: Looking for symbol 'processData' in scope '-state-local-'. Available symbols: ["$>", "configure", "reset", "processData"]
DEBUG: Found symbol 'processData' in scope '-state-local-'
DEBUG: Looking for symbol '-event-handler-parameters-' in scope 'processData'. Available symbols: ["-event-handler-parameters-"]
DEBUG: Found symbol '-event-handler-parameters-' in scope 'processData'
DEBUG: Looking for symbol '-event-handler-local-' in scope '-event-handler-parameters-'. Available symbols: ["input", "-event-handler-local-"]
DEBUG: Found symbol '-event-handler-local-' in scope '-event-handler-parameters-'
DEBUG: Looking for symbol 'if_block_16' in scope '-event-handler-local-'. Available symbols: ["if_block_16"]
DEBUG: Found symbol 'if_block_16' in scope '-event-handler-local-'
DEBUG: Looking for symbol 'configure' in scope '-state-local-'. Available symbols: ["$>", "configure", "reset", "processData"]
DEBUG: Found symbol 'configure' in scope '-state-local-'
DEBUG: Looking for symbol '-event-handler-parameters-' in scope 'configure'. Available symbols: ["-event-handler-parameters-"]
DEBUG: Found symbol '-event-handler-parameters-' in scope 'configure'
DEBUG: Looking for symbol '-event-handler-local-' in scope '-event-handler-parameters-'. Available symbols: ["mode", "-event-handler-local-"]
DEBUG: Found symbol '-event-handler-local-' in scope '-event-handler-parameters-'
DEBUG: Looking for symbol 'if_block_21' in scope '-event-handler-local-'. Available symbols: ["elif_block_23", "else_block_25", "if_block_21"]
DEBUG: Found symbol 'if_block_21' in scope '-event-handler-local-'
DEBUG: Looking for symbol 'elif_block_23' in scope '-event-handler-local-'. Available symbols: ["elif_block_23", "else_block_25", "if_block_21"]
DEBUG: Found symbol 'elif_block_23' in scope '-event-handler-local-'
DEBUG: Looking for symbol 'else_block_25' in scope '-event-handler-local-'. Available symbols: ["elif_block_23", "else_block_25", "if_block_21"]
DEBUG: Found symbol 'else_block_25' in scope '-event-handler-local-'
DEBUG: Looking for symbol 'reset' in scope '-state-local-'. Available symbols: ["$>", "configure", "reset", "processData"]
DEBUG: Found symbol 'reset' in scope '-state-local-'
DEBUG: Looking for symbol '-event-handler-local-' in scope 'reset'. Available symbols: ["-event-handler-local-"]
DEBUG: Found symbol '-event-handler-local-' in scope 'reset'
DEBUG: Looking for symbol 'Processing' in scope '-machine-block-'. Available symbols: ["Idle", "FastProcessing", "Debug", "Processing"]
DEBUG: Found symbol 'Processing' in scope '-machine-block-'
DEBUG: Looking for symbol '-state-parameters-' in scope 'Processing'. Available symbols: ["-state-parameters-"]
DEBUG: Found symbol '-state-parameters-' in scope 'Processing'
DEBUG: Looking for symbol '-state-local-' in scope '-state-parameters-'. Available symbols: ["-state-local-", "data"]
DEBUG: Found symbol '-state-local-' in scope '-state-parameters-'
DEBUG: Looking for symbol '$>' in scope '-state-local-'. Available symbols: ["reset", "$>"]
DEBUG: Found symbol '$>' in scope '-state-local-'
DEBUG: Looking for symbol '-event-handler-local-' in scope '$>'. Available symbols: ["-event-handler-local-"]
DEBUG: Found symbol '-event-handler-local-' in scope '$>'
DEBUG: Looking for symbol 'if_block_35' in scope '-event-handler-local-'. Available symbols: ["if_block_35", "else_block_39", "elif_block_37", "result"]
DEBUG: Found symbol 'if_block_35' in scope '-event-handler-local-'
DEBUG: Looking for symbol 'elif_block_37' in scope '-event-handler-local-'. Available symbols: ["if_block_35", "else_block_39", "elif_block_37", "result"]
DEBUG: Found symbol 'elif_block_37' in scope '-event-handler-local-'
DEBUG: Looking for symbol 'else_block_39' in scope '-event-handler-local-'. Available symbols: ["if_block_35", "else_block_39", "elif_block_37", "result"]
DEBUG: Found symbol 'else_block_39' in scope '-event-handler-local-'
DEBUG: Looking for symbol 'reset' in scope '-state-local-'. Available symbols: ["reset", "$>"]
DEBUG: Found symbol 'reset' in scope '-state-local-'
DEBUG: Looking for symbol '-event-handler-local-' in scope 'reset'. Available symbols: ["-event-handler-local-"]
DEBUG: Found symbol '-event-handler-local-' in scope 'reset'
DEBUG: Looking for symbol 'Debug' in scope '-machine-block-'. Available symbols: ["Idle", "FastProcessing", "Debug", "Processing"]
DEBUG: Found symbol 'Debug' in scope '-machine-block-'
DEBUG: Looking for symbol '-state-local-' in scope 'Debug'. Available symbols: ["-state-local-"]
DEBUG: Found symbol '-state-local-' in scope 'Debug'
DEBUG: Looking for symbol '$>' in scope '-state-local-'. Available symbols: ["reset", "$>", "processData"]
DEBUG: Found symbol '$>' in scope '-state-local-'
DEBUG: Looking for symbol '-event-handler-local-' in scope '$>'. Available symbols: ["-event-handler-local-"]
DEBUG: Found symbol '-event-handler-local-' in scope '$>'
DEBUG: Looking for symbol 'processData' in scope '-state-local-'. Available symbols: ["reset", "$>", "processData"]
DEBUG: Found symbol 'processData' in scope '-state-local-'
DEBUG: Looking for symbol '-event-handler-parameters-' in scope 'processData'. Available symbols: ["-event-handler-parameters-"]
DEBUG: Found symbol '-event-handler-parameters-' in scope 'processData'
DEBUG: Looking for symbol '-event-handler-local-' in scope '-event-handler-parameters-'. Available symbols: ["input", "-event-handler-local-"]
DEBUG: Found symbol '-event-handler-local-' in scope '-event-handler-parameters-'
DEBUG: Looking for symbol 'if_block_49' in scope '-event-handler-local-'. Available symbols: ["if_block_49"]
DEBUG: Found symbol 'if_block_49' in scope '-event-handler-local-'
DEBUG: Looking for symbol 'reset' in scope '-state-local-'. Available symbols: ["reset", "$>", "processData"]
DEBUG: Found symbol 'reset' in scope '-state-local-'
DEBUG: Looking for symbol '-event-handler-local-' in scope 'reset'. Available symbols: ["-event-handler-local-"]
DEBUG: Found symbol '-event-handler-local-' in scope 'reset'
DEBUG: Looking for symbol 'FastProcessing' in scope '-machine-block-'. Available symbols: ["Idle", "FastProcessing", "Debug", "Processing"]
DEBUG: Found symbol 'FastProcessing' in scope '-machine-block-'
DEBUG: Looking for symbol '-state-local-' in scope 'FastProcessing'. Available symbols: ["-state-local-"]
DEBUG: Found symbol '-state-local-' in scope 'FastProcessing'
DEBUG: Looking for symbol 'processData' in scope '-state-local-'. Available symbols: ["processData", "reset"]
DEBUG: Found symbol 'processData' in scope '-state-local-'
DEBUG: Looking for symbol '-event-handler-parameters-' in scope 'processData'. Available symbols: ["-event-handler-parameters-"]
DEBUG: Found symbol '-event-handler-parameters-' in scope 'processData'
DEBUG: Looking for symbol '-event-handler-local-' in scope '-event-handler-parameters-'. Available symbols: ["input", "-event-handler-local-"]
DEBUG: Found symbol '-event-handler-local-' in scope '-event-handler-parameters-'
DEBUG: Looking for symbol 'reset' in scope '-state-local-'. Available symbols: ["processData", "reset"]
DEBUG: Found symbol 'reset' in scope '-state-local-'
DEBUG: Looking for symbol '-event-handler-local-' in scope 'reset'. Available symbols: ["-event-handler-local-"]
DEBUG: Found symbol '-event-handler-local-' in scope 'reset'
DEBUG: Looking for symbol 'processText' in scope '-actions-block-'. Available symbols: ["processText", "len"]
DEBUG: Found symbol 'processText' in scope '-actions-block-'
DEBUG: Looking for symbol '-parameters-' in scope 'processText'. Available symbols: ["if_block_61", "-parameters-", "if_block_64", "if_block_67"]
DEBUG: Found symbol '-parameters-' in scope 'processText'
DEBUG: Looking for symbol 'if_block_61' in scope 'processText'. Available symbols: ["if_block_61", "-parameters-", "if_block_64", "if_block_67"]
DEBUG: Found symbol 'if_block_61' in scope 'processText'
DEBUG: Looking for symbol 'if_block_64' in scope 'processText'. Available symbols: ["if_block_61", "-parameters-", "if_block_64", "if_block_67"]
DEBUG: Found symbol 'if_block_64' in scope 'processText'
DEBUG: Looking for symbol 'if_block_67' in scope 'processText'. Available symbols: ["if_block_61", "-parameters-", "if_block_64", "if_block_67"]
DEBUG: Found symbol 'if_block_67' in scope 'processText'
DEBUG: Looking for symbol 'len' in scope '-actions-block-'. Available symbols: ["processText", "len"]
DEBUG: Found symbol 'len' in scope '-actions-block-'
DEBUG: Looking for symbol '-parameters-' in scope 'len'. Available symbols: ["for_block_73", "count", "-parameters-"]
DEBUG: Found symbol '-parameters-' in scope 'len'
DEBUG: Looking for symbol 'for_block_73' in scope 'len'. Available symbols: ["for_block_73", "count", "-parameters-"]
DEBUG: Found symbol 'for_block_73' in scope 'len'
#Emitted from framec_v0.30.0

from enum import Enum

class FrameEvent:
    def __init__(self, message, parameters):
        self._message = message
        self._parameters = parameters

class FrameCompartment:
    def __init__(self, state, forward_event=None, exit_args=None, enter_args=None, parent_compartment=None, state_vars=None, state_args=None):
        self.state = state
        self.forward_event = forward_event
        self.exit_args = exit_args
        self.enter_args = enter_args
        self.parent_compartment = parent_compartment
        self.state_vars = state_vars or {}
        self.state_args = state_args or {}


def main():
    print("=== Frame v0.20 Comprehensive Feature Test ===")
    processor = AdvancedProcessor()
    results = [processor.processData(""),processor.processData("test"),processor.processData("ERROR"),processor.processData("Hello World"),processor.processData("very long text that exceeds the normal length limits")]
    print("\n=== Results ===")
    for result in results:
        print("Result: " + result)
    print("\n=== State Management Test ===")
    processor.reset()
    processor.configure("debug")
    processor.processData("debug test")
    return
class AdvancedProcessor:
    def __init__(self):
        # Create and initialize start state compartment
        self.__compartment = FrameCompartment('__advancedprocessor_state_Idle', None, None, None, None, {}, {})
        self.__next_compartment = None
        self.return_stack = [None]
        
        # Send system start event
        frame_event = FrameEvent("$>", None)
        self.__kernel(frame_event)
    # ==================== Interface Block ================== #
    
    def processData(self,input):
        parameters = {}
        parameters["input"] = input
        self.return_stack.append(None)
        __e = FrameEvent("processData",parameters)
        self.__kernel(__e)
        return self.return_stack.pop(-1)
    
    def reset(self,):
        self.return_stack.append(None)
        __e = FrameEvent("reset",None)
        self.__kernel(__e)
        return self.return_stack.pop(-1)
    
    def configure(self,mode):
        parameters = {}
        parameters["mode"] = mode
        self.return_stack.append(None)
        __e = FrameEvent("configure",parameters)
        self.__kernel(__e)
        return self.return_stack.pop(-1)
    
    # ===================== Machine Block =================== #
    
    
    # ----------------------------------------
    # $Idle
    
    def __advancedprocessor_state_Idle(self, __e, compartment):
        if __e._message == "$>":
            print("Processor ready in Idle state")
            return
        elif __e._message == "processData":
            if __e._parameters["input"] == "":
                self.return_stack[-1] = "error: empty input"
                return
            
            next_compartment = FrameCompartment('__advancedprocessor_state_Processing', None, None, None, None, {}, {})
            next_compartment.state_args["data"] = __e._parameters["input"]
            self.__transition(next_compartment)
            return
        elif __e._message == "configure":
            if __e._parameters["mode"] == "debug":
                print("Enabling debug mode")
                
                next_compartment = FrameCompartment('__advancedprocessor_state_Debug', None, None, None, None, {}, {})
                self.__transition(next_compartment)
            elif __e._parameters["mode"] == "fast":
                print("Enabling fast mode")
                
                next_compartment = FrameCompartment('__advancedprocessor_state_FastProcessing', None, None, None, None, {}, {})
                self.__transition(next_compartment)
            else:
                print("Unknown mode: " + __e._parameters["mode"])
            return
        elif __e._message == "reset":
            print("Already in idle state")
            return
    
    
    # ----------------------------------------
    # $Processing
    
    def __advancedprocessor_state_Processing(self, __e, compartment):
        if __e._message == "$>":
            print("Processing: " + (compartment.state_args["data"]))
            result = self.processText_do(compartment.state_args["data"])
            if result == "error":
                self.return_stack[-1] = "processing failed"
                
                next_compartment = FrameCompartment('__advancedprocessor_state_Idle', None, None, None, None, {}, {})
                self.__transition(next_compartment)
            elif result == "warning":
                self.return_stack[-1] = "processed with warnings"
                
                next_compartment = FrameCompartment('__advancedprocessor_state_Idle', None, None, None, None, {}, {})
                self.__transition(next_compartment)
            else:
                self.return_stack[-1] = "success: " + result
                
                next_compartment = FrameCompartment('__advancedprocessor_state_Idle', None, None, None, None, {}, {})
                self.__transition(next_compartment)
            return
        elif __e._message == "reset":
            print("Resetting from processing state")
            
            next_compartment = FrameCompartment('__advancedprocessor_state_Idle', None, None, None, None, {}, {})
            self.__transition(next_compartment)
            return
    
    
    # ----------------------------------------
    # $Debug
    
    def __advancedprocessor_state_Debug(self, __e, compartment):
        if __e._message == "$>":
            print("Debug mode active")
            return
        elif __e._message == "processData":
            print("DEBUG: Processing '" + __e._parameters["input"] + "'")
            if __e._parameters["input"] == "debug test":
                self.return_stack[-1] = "debug: test successful"
                return
            self.return_stack[-1] = "debug: " + __e._parameters["input"]
            return
        elif __e._message == "reset":
            print("Exiting debug mode")
            
            next_compartment = FrameCompartment('__advancedprocessor_state_Idle', None, None, None, None, {}, {})
            self.__transition(next_compartment)
            return
    
    
    # ----------------------------------------
    # $FastProcessing
    
    def __advancedprocessor_state_FastProcessing(self, __e, compartment):
        if __e._message == "processData":
            self.return_stack[-1] = "fast: " + __e._parameters["input"]
            
            next_compartment = FrameCompartment('__advancedprocessor_state_Idle', None, None, None, None, {}, {})
            self.__transition(next_compartment)
            return
        elif __e._message == "reset":
            
            next_compartment = FrameCompartment('__advancedprocessor_state_Idle', None, None, None, None, {}, {})
            self.__transition(next_compartment)
            return
    
    # ===================== State Dispatchers =================== #
    
    def _sIdle(self, __e):
        return self.__advancedprocessor_state_Idle(__e, None)
    def _sProcessing(self, __e):
        return self.__advancedprocessor_state_Processing(__e, None)
    def _sDebug(self, __e):
        return self.__advancedprocessor_state_Debug(__e, None)
    def _sFastProcessing(self, __e):
        return self.__advancedprocessor_state_FastProcessing(__e, None)
    # ===================== Actions Block =================== #
    
    def processText_do(self,text):
        
        if text == "ERROR":
            return "error"
        if self.len_do > 50:
            return "warning"
        if text == "test":
            return "validated"
        return "processed"
        return
        
    
    def len_do(self,s):
        
        count = 0
        for c in s:
            count = count + 1
        return count
        return
        
    
    # ==================== System Runtime =================== #
    
    def __kernel(self, __e):
        # send event to current state
        self.__router(__e)
        
        # loop until no transitions occur
        while self.__next_compartment != None:
            next_compartment = self.__next_compartment
            self.__next_compartment = None
            
            # exit current state
            self.__router(FrameEvent("<$", self.__compartment.exit_args))
            # change state
            self.__compartment = next_compartment
            
            if next_compartment.forward_event is None:
                # send normal enter event
                self.__router(FrameEvent("$>", self.__compartment.enter_args))
            else:
                # forwarded event
                if next_compartment.forward_event._message == "$>":
                    self.__router(next_compartment.forward_event)
                else:
                    self.__router(FrameEvent("$>", self.__compartment.enter_args))
                    self.__router(next_compartment.forward_event)
                next_compartment.forward_event = None
    
    def __router(self, __e, compartment=None):
        target_compartment = compartment or self.__compartment
        if target_compartment.state == '__advancedprocessor_state_Idle':
            self.__advancedprocessor_state_Idle(__e, target_compartment)
        elif target_compartment.state == '__advancedprocessor_state_Processing':
            self.__advancedprocessor_state_Processing(__e, target_compartment)
        elif target_compartment.state == '__advancedprocessor_state_Debug':
            self.__advancedprocessor_state_Debug(__e, target_compartment)
        elif target_compartment.state == '__advancedprocessor_state_FastProcessing':
            self.__advancedprocessor_state_FastProcessing(__e, target_compartment)
    
    def __transition(self, next_compartment):
        self.__next_compartment = next_compartment

if __name__ == '__main__':
    main()
